<?xml version="1.0" encoding="UTF-8"?>
<!-- Generated by org.testng.reporters.JUnitReportReporter -->
<testsuite hostname="LAPTOP-2F4U7O4J" failures="0" tests="1" name="testNGpractice.ConfigurationAnnotations" time="0.006" errors="0" timestamp="2025-07-25T20:03:19 IST" skipped="0">
  <testcase classname="testNGpractice.ConfigurationAnnotations" name="demo" time="0.006"/>
</testsuite> <!-- testNGpractice.ConfigurationAnnotations -->
