<?xml version="1.0" encoding="UTF-8"?>
<!-- Generated by org.testng.reporters.JUnitReportReporter -->
<testsuite hostname="LAPTOP-2F4U7O4J" failures="0" tests="1" name="implementationofBaseClass.AddProducts" time="12.041" errors="0" timestamp="2025-07-26T20:01:27 IST" skipped="0">
  <testcase classname="implementationofBaseClass.AddProducts" name="toAddProducts" time="12.041"/>
</testsuite> <!-- implementationofBaseClass.AddProducts -->
