<?xml version="1.0" encoding="UTF-8"?>
<!-- Generated by org.testng.reporters.JUnitReportReporter -->
<testsuite hostname="LAPTOP-2F4U7O4J" failures="0" tests="7" name="testNGpractice.ThreadPoolSize" time="24.074" errors="0" timestamp="2025-07-24T19:41:50 IST" skipped="0">
  <testcase classname="testNGpractice.ThreadPoolSize" name="login" time="2.953"/>
  <testcase classname="testNGpractice.ThreadPoolSize" name="login" time="3.819"/>
  <testcase classname="testNGpractice.ThreadPoolSize" name="login" time="3.144"/>
  <testcase classname="testNGpractice.ThreadPoolSize" name="login" time="3.850"/>
  <testcase classname="testNGpractice.ThreadPoolSize" name="login" time="3.896"/>
  <testcase classname="testNGpractice.ThreadPoolSize" name="login" time="3.190"/>
  <testcase classname="testNGpractice.ThreadPoolSize" name="login" time="3.222"/>
</testsuite> <!-- testNGpractice.ThreadPoolSize -->
