<?xml version="1.0" encoding="UTF-8"?>
<!-- Generated by org.testng.reporters.JUnitReportReporter -->
<testsuite hostname="LAPTOP-2F4U7O4J" failures="0" tests="3" name="testNGpractice.DependsonMethods" time="0.009" errors="0" timestamp="2025-07-24T20:04:21 IST" skipped="0">
  <testcase classname="testNGpractice.DependsonMethods" name="deleteCart" time="0.001">
    <system-out>
      <![CDATA[deleted]]>
    </system-out>
  </testcase> <!-- deleteCart -->
  <testcase classname="testNGpractice.DependsonMethods" name="addCart" time="0.007">
    <system-out>
      <![CDATA[added]]>
    </system-out>
  </testcase> <!-- addCart -->
  <testcase classname="testNGpractice.DependsonMethods" name="editCart" time="0.001">
    <system-out>
      <![CDATA[edited]]>
    </system-out>
  </testcase> <!-- editCart -->
  <system-out>
    <![CDATA[added
edited
deleted]]>
  </system-out>
</testsuite> <!-- testNGpractice.DependsonMethods -->
