<?xml version="1.0" encoding="UTF-8"?>
<!-- Generated by org.testng.reporters.JUnitReportReporter -->
<testsuite hostname="LAPTOP-2F4U7O4J" failures="0" tests="1" name="testNGpractice.ToFetchDataFromcmdTest" time="0.007" errors="0" timestamp="2025-08-05T19:12:11 IST" skipped="0">
  <testcase classname="testNGpractice.ToFetchDataFromcmdTest" name="dataFromcmd" time="0.007"/>
</testsuite> <!-- testNGpractice.ToFetchDataFromcmdTest -->
