<?xml version="1.0" encoding="UTF-8"?>
<!-- Generated by org.testng.reporters.JUnitReportReporter -->
<testsuite hostname="LAPTOP-2F4U7O4J" failures="0" tests="1" name="implementationofBaseClass.CreateCampaignWithExpectedDate" time="10.107" errors="0" timestamp="2025-07-26T19:57:49 IST" skipped="0">
  <testcase classname="implementationofBaseClass.CreateCampaignWithExpectedDate" name="toCreateCampaignWithExpectedDate" time="10.107"/>
</testsuite> <!-- implementationofBaseClass.CreateCampaignWithExpectedDate -->
