<?xml version="1.0" encoding="UTF-8"?>
<!-- Generated by org.testng.reporters.JUnitReportReporter -->
<testsuite hostname="LAPTOP-2F4U7O4J" failures="0" tests="1" name="testNGpractice.ScreenShot" time="4.310" errors="0" timestamp="2025-07-30T19:53:43 IST" skipped="0">
  <testcase classname="testNGpractice.ScreenShot" name="takeScreenShot" time="4.310"/>
</testsuite> <!-- testNGpractice.ScreenShot -->
