<?xml version="1.0" encoding="UTF-8"?>
<!-- Generated by org.testng.reporters.JUnitReportReporter -->
<testsuite hostname="LAPTOP-2F4U7O4J" failures="0" tests="2" name="testNGpractice.Enabled" time="0.006" errors="0" timestamp="2025-07-24T19:50:05 IST" skipped="1">
  <testcase classname="testNGpractice.Enabled" name="mul" time="0.006">
    <system-out>
      <![CDATA[mul]]>
    </system-out>
  </testcase> <!-- mul -->
  <testcase classname="testNGpractice.Enabled" name="sub">
    <skipped/>
  </testcase> <!-- sub -->
  <system-out>
    <![CDATA[mul]]>
  </system-out>
</testsuite> <!-- testNGpractice.Enabled -->
