<?xml version="1.0" encoding="UTF-8"?>
<!-- Generated by org.testng.reporters.JUnitReportReporter -->
<testsuite hostname="LAPTOP-2F4U7O4J" failures="0" tests="3" name="testNGpractice.demo" time="0.009" errors="0" timestamp="2025-07-23T20:17:52 IST" skipped="0">
  <testcase classname="testNGpractice.demo" name="add" time="0.007">
    <system-out>
      <![CDATA[add]]>
    </system-out>
  </testcase> <!-- add -->
  <testcase classname="testNGpractice.demo" name="div" time="0.001">
    <system-out>
      <![CDATA[div]]>
    </system-out>
  </testcase> <!-- div -->
  <testcase classname="testNGpractice.demo" name="mul" time="0.001">
    <system-out>
      <![CDATA[mul]]>
    </system-out>
  </testcase> <!-- mul -->
  <system-out>
    <![CDATA[add
div
mul]]>
  </system-out>
</testsuite> <!-- testNGpractice.demo -->
