<?xml version="1.0" encoding="UTF-8"?>
<!-- Generated by org.testng.reporters.JUnitReportReporter -->
<testsuite hostname="LAPTOP-2F4U7O4J" failures="0" tests="1" name="testNGpractice.NewTest" time="0.003" errors="0" timestamp="2025-07-25T19:56:16 IST" skipped="0">
  <testcase classname="testNGpractice.NewTest" name="f" time="0.003"/>
</testsuite> <!-- testNGpractice.NewTest -->
