<?xml version="1.0" encoding="UTF-8"?>
<!-- Generated by org.testng.reporters.JUnitReportReporter -->
<testsuite hostname="LAPTOP-2F4U7O4J" failures="0" tests="4" name="testNGpractice.Priority" time="0.011" errors="0" timestamp="2025-07-24T19:24:18 IST" skipped="0">
  <testcase classname="testNGpractice.Priority" name="div" time="0.008">
    <system-out>
      <![CDATA[div]]>
    </system-out>
  </testcase> <!-- div -->
  <testcase classname="testNGpractice.Priority" name="mul" time="0.001">
    <system-out>
      <![CDATA[mul]]>
    </system-out>
  </testcase> <!-- mul -->
  <testcase classname="testNGpractice.Priority" name="add" time="0.001">
    <system-out>
      <![CDATA[add]]>
    </system-out>
  </testcase> <!-- add -->
  <testcase classname="testNGpractice.Priority" name="sub" time="0.001">
    <system-out>
      <![CDATA[sub]]>
    </system-out>
  </testcase> <!-- sub -->
  <system-out>
    <![CDATA[div
mul
add
sub]]>
  </system-out>
</testsuite> <!-- testNGpractice.Priority -->
