<?xml version="1.0" encoding="UTF-8"?>
<!-- Generated by org.testng.reporters.JUnitReportReporter -->
<testsuite hostname="LAPTOP-2F4U7O4J" failures="0" tests="1" name="implementationofBaseClass.CreateCampaignWithMandatoryFields" time="15.009" errors="0" timestamp="2025-07-26T19:53:41 IST" skipped="0">
  <testcase classname="implementationofBaseClass.CreateCampaignWithMandatoryFields" name="toCreateCampaignWithMadatoryFields" time="15.009"/>
</testsuite> <!-- implementationofBaseClass.CreateCampaignWithMandatoryFields -->
