<?xml version="1.0" encoding="UTF-8"?>
<!-- Generated by org.testng.reporters.JUnitReportReporter -->
<testsuite hostname="LAPTOP-2F4U7O4J" failures="0" tests="3" name="testNGpractice.InvocationCount" time="9.940" errors="0" timestamp="2025-07-24T19:30:44 IST" skipped="0">
  <testcase classname="testNGpractice.InvocationCount" name="login" time="3.406"/>
  <testcase classname="testNGpractice.InvocationCount" name="login" time="2.898"/>
  <testcase classname="testNGpractice.InvocationCount" name="login" time="3.636"/>
</testsuite> <!-- testNGpractice.InvocationCount -->
