<?xml version="1.0" encoding="UTF-8"?>
<!-- Generated by org.testng.reporters.JUnitReportReporter -->
<testsuite hostname="LAPTOP-2F4U7O4J" failures="0" tests="3" name="testNGpractice.Dataprovider" time="0.007" errors="0" timestamp="2025-07-25T19:36:27 IST" skipped="0">
  <testcase classname="testNGpractice.Dataprovider" name="login" time="0.005"/>
  <testcase classname="testNGpractice.Dataprovider" name="login" time="0.001"/>
  <testcase classname="testNGpractice.Dataprovider" name="login" time="0.001"/>
</testsuite> <!-- testNGpractice.Dataprovider -->
